<?xml version="1.0" encoding="UTF-8"?>
<!-- Generated by org.testng.reporters.JUnitReportReporter -->
<testsuite hostname="Raj" failures="0" tests="2" name="TestNGANnotations.TestngAnnotationsExample" time="0.016" errors="0" timestamp="2024-05-08T16:40:21 IST" skipped="0">
  <testcase classname="TestNGANnotations.TestngAnnotationsExample" name="Test2" time="0.004"/>
  <system-out/>
  <testcase classname="TestNGANnotations.TestngAnnotationsExample" name="Test1" time="0.012"/>
  <system-out/>
</testsuite> <!-- TestNGANnotations.TestngAnnotationsExample -->
