<?xml version="1.0" encoding="UTF-8"?>
<!-- Generated by org.testng.reporters.JUnitReportReporter -->
<testsuite hostname="Raj" failures="0" tests="3" name="TestNGsuite.TestNgSuitee2" time="0.010" errors="0" timestamp="2024-05-17T11:34:40 IST" skipped="0">
  <testcase classname="TestNGsuite.TestNgSuitee2" name="four" time="0.008"/>
  <system-out/>
  <testcase classname="TestNGsuite.TestNgSuitee2" name="five" time="0.001"/>
  <system-out/>
  <testcase classname="TestNGsuite.TestNgSuitee2" name="six" time="0.001"/>
  <system-out/>
</testsuite> <!-- TestNGsuite.TestNgSuitee2 -->
