<?xml version="1.0" encoding="UTF-8"?>
<!-- Generated by org.testng.reporters.JUnitReportReporter -->
<testsuite hostname="Raj" failures="0" tests="1" name="AlwaysRunEnable.Enable" time="0.009" errors="0" timestamp="2023-11-20T12:09:05 IST" skipped="0">
  <testcase classname="AlwaysRunEnable.Enable" name="signup" time="0.009"/>
  <system-out/>
</testsuite> <!-- AlwaysRunEnable.Enable -->
