<?xml version="1.0" encoding="UTF-8"?>
<!-- Generated by org.testng.reporters.JUnitReportReporter -->
<testsuite hostname="Raj" failures="0" tests="2" name="ParallelTestNg.letcode2" time="27.187" errors="0" timestamp="2024-05-17T12:09:45 IST" skipped="0">
  <testcase classname="ParallelTestNg.letcode2" name="Letcodelogin1" time="15.342"/>
  <system-out/>
  <testcase classname="ParallelTestNg.letcode2" name="Instalogin" time="11.845"/>
  <system-out/>
</testsuite> <!-- ParallelTestNg.letcode2 -->
