<?xml version="1.0" encoding="UTF-8"?>
<!-- Generated by org.testng.reporters.JUnitReportReporter -->
<testsuite hostname="Raj" failures="0" tests="3" name="TestNGGroups.TestNGGroupssss" time="0.016" errors="0" timestamp="2024-01-26T13:21:24 IST" skipped="0">
  <testcase classname="TestNGGroups.TestNGGroupssss" name="adhoctest" time="0.001"/>
  <system-out/>
  <testcase classname="TestNGGroups.TestNGGroupssss" name="Loadtest" time="0.014"/>
  <system-out/>
  <testcase classname="TestNGGroups.TestNGGroupssss" name="Stresstest" time="0.001"/>
  <system-out/>
</testsuite> <!-- TestNGGroups.TestNGGroupssss -->
