<?xml version="1.0" encoding="UTF-8"?>
<!-- Generated by org.testng.reporters.JUnitReportReporter -->
<testsuite hostname="Raj" failures="0" tests="1" name="DataDriven.CorrectEmail" time="45.061" errors="0" timestamp="2022-11-03T21:26:03 IST" skipped="0">
  <testcase classname="DataDriven.CorrectEmail" name="letcodeloginCorrectEmail" time="45.061"/>
  <system-out/>
</testsuite> <!-- DataDriven.CorrectEmail -->
