<?xml version="1.0" encoding="UTF-8"?>
<!-- Generated by org.testng.reporters.JUnitReportReporter -->
<testsuite hostname="Raj" failures="0" tests="3" name="TestNGsuite.TestNGsuite1" time="0.004" errors="0" timestamp="2024-05-17T11:34:40 IST" skipped="0">
  <testcase classname="TestNGsuite.TestNGsuite1" name="one" time="0.002"/>
  <system-out/>
  <testcase classname="TestNGsuite.TestNGsuite1" name="two" time="0.001"/>
  <system-out/>
  <testcase classname="TestNGsuite.TestNGsuite1" name="three" time="0.001"/>
  <system-out/>
</testsuite> <!-- TestNGsuite.TestNGsuite1 -->
