<?xml version="1.0" encoding="UTF-8"?>
<!-- Generated by org.testng.reporters.JUnitReportReporter -->
<testsuite hostname="Raj" failures="0" tests="1" name="PomFramework1.EditProfile" time="17.050" errors="0" timestamp="2023-02-17T12:42:08 IST" skipped="0">
  <testcase classname="PomFramework1.EditProfile" name="login" time="17.050"/>
  <system-out/>
</testsuite> <!-- PomFramework1.EditProfile -->
