<?xml version="1.0" encoding="UTF-8"?>
<!-- Generated by org.testng.reporters.JUnitReportReporter -->
<testsuite hostname="Raj" failures="0" tests="3" name="DataProvider.DataProvider3" time="130.762" errors="0" timestamp="2023-03-05T12:11:46 IST" skipped="0">
  <testcase classname="DataProvider.DataProvider3" name="letcodelogin" time="57.841"/>
  <system-out/>
  <testcase classname="DataProvider.DataProvider3" name="letcodelogin" time="52.375"/>
  <system-out/>
  <testcase classname="DataProvider.DataProvider3" name="letcodelogin" time="20.546"/>
  <system-out/>
</testsuite> <!-- DataProvider.DataProvider3 -->
