<?xml version="1.0" encoding="UTF-8"?>
<!-- Generated by org.testng.reporters.JUnitReportReporter -->
<testsuite hostname="Raj" failures="0" tests="4" name="DataProvider.InterviewDataProviderFramework" time="49.423" errors="0" timestamp="2023-03-26T14:00:38 IST" skipped="0">
  <testcase classname="DataProvider.InterviewDataProviderFramework" name="form" time="12.262"/>
  <system-out/>
  <testcase classname="DataProvider.InterviewDataProviderFramework" name="form" time="12.762"/>
  <system-out/>
  <testcase classname="DataProvider.InterviewDataProviderFramework" name="form" time="12.137"/>
  <system-out/>
  <testcase classname="DataProvider.InterviewDataProviderFramework" name="form" time="12.262"/>
  <system-out/>
</testsuite> <!-- DataProvider.InterviewDataProviderFramework -->
