<?xml version="1.0" encoding="UTF-8"?>
<!-- Generated by org.testng.reporters.JUnitReportReporter -->
<testsuite hostname="Raj" failures="0" tests="1" name="ExpectedException.ExpectedException" time="60.634" errors="0" timestamp="2023-03-24T19:41:49 IST" skipped="0">
  <testcase classname="ExpectedException.ExpectedException" name="count" time="60.634"/>
  <system-out/>
</testsuite> <!-- ExpectedException.ExpectedException -->
