<?xml version="1.0" encoding="UTF-8"?>
<!-- Generated by org.testng.reporters.JUnitReportReporter -->
<testsuite hostname="Raj" failures="0" tests="3" name="DataProvider.Dataprovider2" time="70.213" errors="0" timestamp="2023-02-15T20:04:09 IST" skipped="0">
  <testcase classname="DataProvider.Dataprovider2" name="letcodelogin" time="23.309"/>
  <system-out/>
  <testcase classname="DataProvider.Dataprovider2" name="letcodelogin" time="23.667"/>
  <system-out/>
  <testcase classname="DataProvider.Dataprovider2" name="letcodelogin" time="23.237"/>
  <system-out/>
</testsuite> <!-- DataProvider.Dataprovider2 -->
