<?xml version="1.0" encoding="UTF-8"?>
<!-- Generated by org.testng.reporters.JUnitReportReporter -->
<testsuite hostname="Raj" failures="0" tests="4" name="DataDriven.DataDrivenFramework2" time="28.283" errors="0" timestamp="2023-04-22T19:41:18 IST" skipped="0">
  <testcase classname="DataDriven.DataDrivenFramework2" name="logintestcase" time="5.190"/>
  <system-out/>
  <testcase classname="DataDriven.DataDrivenFramework2" name="logintestcase" time="9.620"/>
  <system-out/>
  <testcase classname="DataDriven.DataDrivenFramework2" name="logintestcase" time="7.344"/>
  <system-out/>
  <testcase classname="DataDriven.DataDrivenFramework2" name="logintestcase" time="6.129"/>
  <system-out/>
</testsuite> <!-- DataDriven.DataDrivenFramework2 -->
