<?xml version="1.0" encoding="UTF-8"?>
<!-- Generated by org.testng.reporters.JUnitReportReporter -->
<testsuite hostname="Raj" failures="0" tests="1" name="DataDriven.CorrectPassword" time="12.683" errors="0" timestamp="2022-11-03T21:26:03 IST" skipped="0">
  <testcase classname="DataDriven.CorrectPassword" name="letcodeloginCorrectpass" time="12.683"/>
  <system-out/>
</testsuite> <!-- DataDriven.CorrectPassword -->
