<?xml version="1.0" encoding="UTF-8"?>
<!-- Generated by org.testng.reporters.JUnitReportReporter -->
<testsuite hostname="Raj" failures="0" tests="5" name="ThreadpoolSize.ThreadPoolSize" time="171.809" errors="0" timestamp="2024-01-26T13:10:07 IST" skipped="0">
  <testcase classname="ThreadpoolSize.ThreadPoolSize" name="program" time="35.426"/>
  <system-out/>
  <testcase classname="ThreadpoolSize.ThreadPoolSize" name="program" time="33.738"/>
  <system-out/>
  <testcase classname="ThreadpoolSize.ThreadPoolSize" name="program" time="34.604"/>
  <system-out/>
  <testcase classname="ThreadpoolSize.ThreadPoolSize" name="program" time="32.646"/>
  <system-out/>
  <testcase classname="ThreadpoolSize.ThreadPoolSize" name="program" time="35.395"/>
  <system-out/>
</testsuite> <!-- ThreadpoolSize.ThreadPoolSize -->
