<?xml version="1.0" encoding="UTF-8"?>
<!-- Generated by org.testng.reporters.JUnitReportReporter -->
<testsuite hostname="Raj" failures="0" tests="3" name="TestNGGroups.TestNgGroups13" time="0.005" errors="0" timestamp="2023-11-20T12:26:56 IST" skipped="0">
  <testcase classname="TestNGGroups.TestNgGroups13" name="adhoctest" time="0.001"/>
  <system-out/>
  <testcase classname="TestNGGroups.TestNgGroups13" name="Stresstest" time="0.002"/>
  <system-out/>
  <testcase classname="TestNGGroups.TestNgGroups13" name="Loadtest" time="0.002"/>
  <system-out/>
</testsuite> <!-- TestNGGroups.TestNgGroups13 -->
