<?xml version="1.0" encoding="UTF-8"?>
<!-- Generated by org.testng.reporters.JUnitReportReporter -->
<testsuite hostname="Raj" failures="0" tests="2" name="DataProvider.DtaProvider" time="25.274" errors="0" timestamp="2023-03-26T12:51:45 IST" skipped="0">
  <testcase classname="DataProvider.DtaProvider" name="letcodelogin" time="11.357"/>
  <system-out/>
  <testcase classname="DataProvider.DtaProvider" name="letcodelogin" time="13.917"/>
  <system-out/>
</testsuite> <!-- DataProvider.DtaProvider -->
