<?xml version="1.0" encoding="UTF-8"?>
<!-- Generated by org.testng.reporters.JUnitReportReporter -->
<testsuite hostname="Raj" failures="0" tests="1" name="ParallelTestNg.instalogin" time="11.278" errors="0" timestamp="2024-05-17T11:49:17 IST" skipped="0">
  <testcase classname="ParallelTestNg.instalogin" name="Instalogin" time="11.278"/>
  <system-out/>
</testsuite> <!-- ParallelTestNg.instalogin -->
