<?xml version="1.0" encoding="UTF-8"?>
<!-- Generated by org.testng.reporters.JUnitReportReporter -->
<testsuite hostname="Raj" failures="0" tests="1" name="ParallelTestNg.Letcodelogin" time="14.611" errors="0" timestamp="2024-05-17T11:49:17 IST" skipped="0">
  <testcase classname="ParallelTestNg.Letcodelogin" name="Letcodelogin1" time="14.611"/>
  <system-out/>
</testsuite> <!-- ParallelTestNg.Letcodelogin -->
