<?xml version="1.0" encoding="UTF-8"?>
<!-- Generated by org.testng.reporters.JUnitReportReporter -->
<testsuite hostname="Raj" failures="0" tests="4" name="DataDriven.DataFramework" time="52.179" errors="0" timestamp="2023-04-22T19:15:09 IST" skipped="0">
  <testcase classname="DataDriven.DataFramework" name="letcodeloginBothCorrect" time="10.847"/>
  <system-out/>
  <testcase classname="DataDriven.DataFramework" name="letcodeloginBothCorrect" time="21.327"/>
  <system-out/>
  <testcase classname="DataDriven.DataFramework" name="letcodeloginBothCorrect" time="8.697"/>
  <system-out/>
  <testcase classname="DataDriven.DataFramework" name="letcodeloginBothCorrect" time="11.308"/>
  <system-out/>
</testsuite> <!-- DataDriven.DataFramework -->
