<?xml version="1.0" encoding="UTF-8"?>
<!-- Generated by org.testng.reporters.JUnitReportReporter -->
<testsuite hostname="Raj" failures="0" tests="1" name="DataDriven.LogindataFramework" time="0.000" errors="0" timestamp="2023-10-03T18:41:15 IST" skipped="1">
  <testcase classname="DataDriven.LogindataFramework" name="letcodelogin" time="0.000">
    <skipped/>
  </testcase> <!-- letcodelogin -->
  <system-out/>
</testsuite> <!-- DataDriven.LogindataFramework -->
