<?xml version="1.0" encoding="UTF-8"?>
<!-- Generated by org.testng.reporters.JUnitReportReporter -->
<testsuite hostname="Raj" failures="0" tests="1" name="PomFramework1.LoginpagePOM" time="28.900" errors="0" timestamp="2022-12-29T13:20:00 IST" skipped="0">
  <testcase classname="PomFramework1.LoginpagePOM" name="login" time="28.900"/>
  <system-out/>
</testsuite> <!-- PomFramework1.LoginpagePOM -->
