<?xml version="1.0" encoding="UTF-8"?>
<!-- Generated by org.testng.reporters.JUnitReportReporter -->
<testsuite hostname="Raj" failures="0" tests="2" name="DataProvider.textbox" time="29.083" errors="0" timestamp="2023-03-26T13:11:50 IST" skipped="0">
  <testcase classname="DataProvider.textbox" name="textboxcheck" time="14.877"/>
  <system-out/>
  <testcase classname="DataProvider.textbox" name="textboxcheck" time="14.206"/>
  <system-out/>
</testsuite> <!-- DataProvider.textbox -->
