<?xml version="1.0" encoding="UTF-8"?>
<!-- Generated by org.testng.reporters.JUnitReportReporter -->
<testsuite hostname="Raj" failures="0" tests="3" name="ExtentReport.exampleforExtentReport" time="24.165" errors="0" timestamp="2023-04-07T14:06:13 IST" skipped="0">
  <testcase classname="ExtentReport.exampleforExtentReport" name="openInsta" time="4.183"/>
  <system-out/>
  <testcase classname="ExtentReport.exampleforExtentReport" name="openFacebook" time="17.049"/>
  <system-out/>
  <testcase classname="ExtentReport.exampleforExtentReport" name="openGoogle" time="2.933"/>
  <system-out/>
</testsuite> <!-- ExtentReport.exampleforExtentReport -->
