<?xml version="1.0" encoding="UTF-8"?>
<!-- Generated by org.testng.reporters.JUnitReportReporter -->
<testsuite hostname="Raj" failures="0" tests="6" name="GivingPriority.PriorityTestNG" time="0.015" errors="0" timestamp="2024-01-25T13:50:44 IST" skipped="0">
  <testcase classname="GivingPriority.PriorityTestNG" name="orderplaced" time="0.008"/>
  <system-out/>
  <testcase classname="GivingPriority.PriorityTestNG" name="signout" time="0.001"/>
  <system-out/>
  <testcase classname="GivingPriority.PriorityTestNG" name="signup" time="0.002"/>
  <system-out/>
  <testcase classname="GivingPriority.PriorityTestNG" name="login" time="0.001"/>
  <system-out/>
  <testcase classname="GivingPriority.PriorityTestNG" name="searchproduct" time="0.002"/>
  <system-out/>
  <testcase classname="GivingPriority.PriorityTestNG" name="addTocart" time="0.001"/>
  <system-out/>
</testsuite> <!-- GivingPriority.PriorityTestNG -->
