<?xml version="1.0" encoding="UTF-8"?>
<!-- Generated by org.testng.reporters.JUnitReportReporter -->
<testsuite hostname="Raj" failures="0" tests="5" name="GivingPriority.LiveExample" time="14.692" errors="0" timestamp="2023-03-05T09:05:06 IST" skipped="0">
  <testcase classname="GivingPriority.LiveExample" name="method2" time="6.190"/>
  <system-out/>
  <testcase classname="GivingPriority.LiveExample" name="method4" time="5.091"/>
  <system-out/>
  <testcase classname="GivingPriority.LiveExample" name="method3" time="0.952"/>
  <system-out/>
  <testcase classname="GivingPriority.LiveExample" name="method1" time="2.091"/>
  <system-out/>
  <testcase classname="GivingPriority.LiveExample" name="method5" time="0.368"/>
  <system-out/>
</testsuite> <!-- GivingPriority.LiveExample -->
