<?xml version="1.0" encoding="UTF-8"?>
<!-- Generated by org.testng.reporters.JUnitReportReporter -->
<testsuite hostname="Raj" failures="0" tests="1" name="TestNGkoushik.LetcodeloginRunmultipletest" time="39.928" errors="0" timestamp="2023-09-11T14:38:27 IST" skipped="0">
  <testcase classname="TestNGkoushik.LetcodeloginRunmultipletest" name="Letcodelogin" time="39.928"/>
  <system-out/>
</testsuite> <!-- TestNGkoushik.LetcodeloginRunmultipletest -->
