<?xml version="1.0" encoding="UTF-8"?>
<!-- Generated by org.testng.reporters.JUnitReportReporter -->
<testsuite hostname="Raj" failures="0" tests="1" name="PomFramework1.Letcodelogin" time="20.276" errors="0" timestamp="2023-02-17T13:07:46 IST" skipped="0">
  <testcase classname="PomFramework1.Letcodelogin" name="letcode" time="20.276"/>
  <system-out/>
</testsuite> <!-- PomFramework1.Letcodelogin -->
