<?xml version="1.0" encoding="UTF-8"?>
<!-- Generated by org.testng.reporters.JUnitReportReporter -->
<testsuite hostname="Raj" failures="0" tests="6" name="TestNGGroups.TestNGgroups2" time="0.028" errors="0" timestamp="2023-04-22T12:25:36 IST" skipped="0">
  <testcase classname="TestNGGroups.TestNGgroups2" name="Payment" time="0.002"/>
  <system-out/>
  <testcase classname="TestNGGroups.TestNGgroups2" name="login" time="0.005"/>
  <system-out/>
  <testcase classname="TestNGGroups.TestNGgroups2" name="signup" time="0.003"/>
  <system-out/>
  <testcase classname="TestNGGroups.TestNGgroups2" name="addToCart" time="0.008"/>
  <system-out/>
  <testcase classname="TestNGGroups.TestNGgroups2" name="placetheorder" time="0.008"/>
  <system-out/>
  <testcase classname="TestNGGroups.TestNGgroups2" name="searchproduct" time="0.002"/>
  <system-out/>
</testsuite> <!-- TestNGGroups.TestNGgroups2 -->
