<?xml version="1.0" encoding="UTF-8"?>
<!-- Generated by org.testng.reporters.JUnitReportReporter -->
<testsuite hostname="Raj" failures="0" tests="1" name="TestNGkoushik.TestNGRunMultipleTest" time="16.486" errors="0" timestamp="2022-09-15T12:33:02 IST" skipped="0">
  <testcase classname="TestNGkoushik.TestNGRunMultipleTest" name="Letcodelogin" time="16.486"/>
  <system-out/>
</testsuite> <!-- TestNGkoushik.TestNGRunMultipleTest -->
